[debug] [2019-11-16T09:36:49.638Z] ----------------------------------------------------------------------
[debug] [2019-11-16T09:36:49.640Z] Command:       C:\Program Files\nodejs\node.exe C:\Users\inoma\AppData\Roaming\npm\node_modules\firebase-tools\lib\bin\firebase.js init
[debug] [2019-11-16T09:36:49.640Z] CLI Version:   7.7.0
[debug] [2019-11-16T09:36:49.640Z] Platform:      win32
[debug] [2019-11-16T09:36:49.640Z] Node Version:  v10.16.3
[debug] [2019-11-16T09:36:49.643Z] Time:          Sat Nov 16 2019 18:36:49 GMT+0900 (GMT+09:00)
[debug] [2019-11-16T09:36:49.643Z] ----------------------------------------------------------------------
[debug] [2019-11-16T09:36:49.643Z] 
[debug] [2019-11-16T09:36:49.654Z] > command requires scopes: ["email","openid","https://www.googleapis.com/auth/cloudplatformprojects.readonly","https://www.googleapis.com/auth/firebase","https://www.googleapis.com/auth/cloud-platform"]
[debug] [2019-11-16T09:36:49.655Z] > authorizing via signed-in user
[info] 
     ######## #### ########  ######## ########     ###     ######  ########
     ##        ##  ##     ## ##       ##     ##  ##   ##  ##       ##
     ######    ##  ########  ######   ########  #########  ######  ######
     ##        ##  ##    ##  ##       ##     ## ##     ##       ## ##
     ##       #### ##     ## ######## ########  ##     ##  ######  ########

You're about to initialize a Firebase project in this directory:

  C:\Users\inoma\mymarkdown

Before we get started, keep in mind:

  * You are initializing in an existing Firebase project directory

